Removing old environment (if exists)...
Transaction

  Prefix: /scratch/users/eozlu21/micromamba/envs/sabanci-competition

  Removing specs:

   - _libgcc_mutex
   - _openmp_mutex
   - bzip2
   - ca-certificates
   - ld_impl_linux-64
   - libexpat
   - libffi
   - libgcc
   - libgcc-ng
   - libgomp
   - liblzma
   - libnsl
   - libsqlite
   - libuuid
   - libxcrypt
   - libzlib
   - ncurses
   - openssl
   - pip
   - python
   - readline
   - setuptools
   - tk
   - tzdata
   - wheel


  Package               Version  Build               Channel           Size
─────────────────────────────────────────────────────────────────────────────
  Remove:
─────────────────────────────────────────────────────────────────────────────

  - _libgcc_mutex           0.1  conda_forge         conda-forge     Cached
  - _openmp_mutex           4.5  2_gnu               conda-forge     Cached
  - bzip2                 1.0.8  h4bc722e_7          conda-forge     Cached
  - ca-certificates   2025.1.31  hbcca054_0          conda-forge     Cached
  - ld_impl_linux-64       2.43  h712a8e2_4          conda-forge     Cached
  - libexpat              2.7.0  h5888daf_0          conda-forge     Cached
  - libffi                3.4.6  h2dba641_1          conda-forge     Cached
  - libgcc               14.2.0  h767d61c_2          conda-forge     Cached
  - libgcc-ng            14.2.0  h69a702a_2          conda-forge     Cached
  - libgomp              14.2.0  h767d61c_2          conda-forge     Cached
  - liblzma               5.8.1  hb9d3cd8_0          conda-forge     Cached
  - libnsl                2.0.1  hd590300_0          conda-forge     Cached
  - libsqlite            3.49.1  hee588c1_2          conda-forge     Cached
  - libuuid              2.38.1  h0b41bf4_0          conda-forge     Cached
  - libxcrypt            4.4.36  hd590300_1          conda-forge     Cached
  - libzlib               1.3.1  hb9d3cd8_2          conda-forge     Cached
  - ncurses                 6.5  h2d0b736_3          conda-forge     Cached
  - openssl               3.5.0  h7b32b05_0          conda-forge     Cached
  - pip                  25.0.1  pyh8b19718_0        conda-forge     Cached
  - python              3.10.17  hd6af730_0_cpython  conda-forge     Cached
  - readline                8.2  h8c095d6_2          conda-forge     Cached
  - setuptools           78.1.0  pyhff2d567_0        conda-forge     Cached
  - tk                   8.6.13  noxft_h4845f30_101  conda-forge     Cached
  - tzdata                2025b  h78e105d_0          conda-forge     Cached
  - wheel                0.45.1  pyhd8ed1ab_1        conda-forge     Cached

  Summary:

  Remove: 25 packages

  Total download: 0 B

─────────────────────────────────────────────────────────────────────────────



Transaction starting
Unlinking pip-25.0.1-pyh8b19718_0
Unlinking wheel-0.45.1-pyhd8ed1ab_1
Unlinking setuptools-78.1.0-pyhff2d567_0
Unlinking python-3.10.17-hd6af730_0_cpython
Unlinking tzdata-2025b-h78e105d_0
Unlinking tk-8.6.13-noxft_h4845f30_101
Unlinking readline-8.2-h8c095d6_2
Unlinking openssl-3.5.0-h7b32b05_0
Unlinking libxcrypt-4.4.36-hd590300_1
Unlinking libuuid-2.38.1-h0b41bf4_0
Unlinking libsqlite-3.49.1-hee588c1_2
Unlinking libnsl-2.0.1-hd590300_0
Unlinking liblzma-5.8.1-hb9d3cd8_0
Unlinking libffi-3.4.6-h2dba641_1
Unlinking libexpat-2.7.0-h5888daf_0
Unlinking ld_impl_linux-64-2.43-h712a8e2_4
Unlinking bzip2-1.0.8-h4bc722e_7
Unlinking ncurses-6.5-h2d0b736_3
Unlinking ca-certificates-2025.1.31-hbcca054_0
Unlinking libzlib-1.3.1-hb9d3cd8_2
Unlinking libgcc-ng-14.2.0-h69a702a_2
Unlinking libgcc-14.2.0-h767d61c_2
Unlinking _openmp_mutex-4.5-2_gnu
Unlinking libgomp-14.2.0-h767d61c_2
Unlinking _libgcc_mutex-0.1-conda_forge

Transaction finished

Environment removed at prefix: /scratch/users/eozlu21/micromamba/envs/sabanci-competition
Creating micromamba environment: sabanci-competition
Installing dependencies...
Running main.py...
