Removing old environment (if exists)...
Transaction

  Prefix: /scratch/users/eozlu21/micromamba/envs/sabanci-competition

  Removing specs:

   - _libgcc_mutex
   - _openmp_mutex
   - bzip2
   - ca-certificates
   - ld_impl_linux-64
   - libexpat
   - libffi
   - libgcc
   - libgcc-ng
   - libgomp
   - liblzma
   - libnsl
   - libsqlite
   - libuuid
   - libxcrypt
   - libzlib
   - ncurses
   - openssl
   - pip
   - python
   - readline
   - setuptools
   - tk
   - tzdata
   - wheel


  Package               Version  Build               Channel           Size
─────────────────────────────────────────────────────────────────────────────
  Remove:
─────────────────────────────────────────────────────────────────────────────

  - _libgcc_mutex           0.1  conda_forge         conda-forge     Cached
  - _openmp_mutex           4.5  2_gnu               conda-forge     Cached
  - bzip2                 1.0.8  h4bc722e_7          conda-forge     Cached
  - ca-certificates   2025.1.31  hbcca054_0          conda-forge     Cached
  - ld_impl_linux-64       2.43  h712a8e2_4          conda-forge     Cached
  - libexpat              2.7.0  h5888daf_0          conda-forge     Cached
  - libffi                3.4.6  h2dba641_1          conda-forge     Cached
  - libgcc               14.2.0  h767d61c_2          conda-forge     Cached
  - libgcc-ng            14.2.0  h69a702a_2          conda-forge     Cached
  - libgomp              14.2.0  h767d61c_2          conda-forge     Cached
  - liblzma               5.8.1  hb9d3cd8_0          conda-forge     Cached
  - libnsl                2.0.1  hd590300_0          conda-forge     Cached
  - libsqlite            3.49.1  hee588c1_2          conda-forge     Cached
  - libuuid              2.38.1  h0b41bf4_0          conda-forge     Cached
  - libxcrypt            4.4.36  hd590300_1          conda-forge     Cached
  - libzlib               1.3.1  hb9d3cd8_2          conda-forge     Cached
  - ncurses                 6.5  h2d0b736_3          conda-forge     Cached
  - openssl               3.5.0  h7b32b05_0          conda-forge     Cached
  - pip                  25.0.1  pyh8b19718_0        conda-forge     Cached
  - python              3.10.17  hd6af730_0_cpython  conda-forge     Cached
  - readline                8.2  h8c095d6_2          conda-forge     Cached
  - setuptools           78.1.1  pyhff2d567_0        conda-forge     Cached
  - tk                   8.6.13  noxft_h4845f30_101  conda-forge     Cached
  - tzdata                2025b  h78e105d_0          conda-forge     Cached
  - wheel                0.45.1  pyhd8ed1ab_1        conda-forge     Cached

  Summary:

  Remove: 25 packages

  Total download: 0 B

─────────────────────────────────────────────────────────────────────────────



Transaction starting
Unlinking pip-25.0.1-pyh8b19718_0
Unlinking wheel-0.45.1-pyhd8ed1ab_1
Unlinking setuptools-78.1.1-pyhff2d567_0
Unlinking python-3.10.17-hd6af730_0_cpython
Unlinking tzdata-2025b-h78e105d_0
Unlinking tk-8.6.13-noxft_h4845f30_101
Unlinking readline-8.2-h8c095d6_2
Unlinking openssl-3.5.0-h7b32b05_0
Unlinking libxcrypt-4.4.36-hd590300_1
Unlinking libuuid-2.38.1-h0b41bf4_0
Unlinking libsqlite-3.49.1-hee588c1_2
Unlinking libnsl-2.0.1-hd590300_0
Unlinking liblzma-5.8.1-hb9d3cd8_0
Unlinking libffi-3.4.6-h2dba641_1
Unlinking libexpat-2.7.0-h5888daf_0
Unlinking ld_impl_linux-64-2.43-h712a8e2_4
Unlinking bzip2-1.0.8-h4bc722e_7
Unlinking ncurses-6.5-h2d0b736_3
Unlinking ca-certificates-2025.1.31-hbcca054_0
Unlinking libzlib-1.3.1-hb9d3cd8_2
Unlinking libgcc-ng-14.2.0-h69a702a_2
Unlinking libgcc-14.2.0-h767d61c_2
Unlinking _openmp_mutex-4.5-2_gnu
Unlinking libgomp-14.2.0-h767d61c_2
Unlinking _libgcc_mutex-0.1-conda_forge

Transaction finished

Environment removed at prefix: /scratch/users/eozlu21/micromamba/envs/sabanci-competition
Creating micromamba environment: sabanci-competition


Transaction

  Prefix: /scratch/users/eozlu21/micromamba/envs/sabanci-competition

  Updating specs:

   - python=3.10


  Package               Version  Build               Channel           Size
─────────────────────────────────────────────────────────────────────────────
  Install:
─────────────────────────────────────────────────────────────────────────────

  + _libgcc_mutex           0.1  conda_forge         conda-forge     Cached
  + _openmp_mutex           4.5  2_gnu               conda-forge     Cached
  + bzip2                 1.0.8  h4bc722e_7          conda-forge     Cached
  + ca-certificates   2025.1.31  hbcca054_0          conda-forge     Cached
  + ld_impl_linux-64       2.43  h712a8e2_4          conda-forge     Cached
  + libexpat              2.7.0  h5888daf_0          conda-forge     Cached
  + libffi                3.4.6  h2dba641_1          conda-forge     Cached
  + libgcc               14.2.0  h767d61c_2          conda-forge     Cached
  + libgcc-ng            14.2.0  h69a702a_2          conda-forge     Cached
  + libgomp              14.2.0  h767d61c_2          conda-forge     Cached
  + liblzma               5.8.1  hb9d3cd8_0          conda-forge     Cached
  + libnsl                2.0.1  hd590300_0          conda-forge     Cached
  + libsqlite            3.49.1  hee588c1_2          conda-forge     Cached
  + libuuid              2.38.1  h0b41bf4_0          conda-forge     Cached
  + libxcrypt            4.4.36  hd590300_1          conda-forge     Cached
  + libzlib               1.3.1  hb9d3cd8_2          conda-forge     Cached
  + ncurses                 6.5  h2d0b736_3          conda-forge     Cached
  + openssl               3.5.0  h7b32b05_0          conda-forge     Cached
  + pip                  25.0.1  pyh8b19718_0        conda-forge     Cached
  + python              3.10.17  hd6af730_0_cpython  conda-forge     Cached
  + readline                8.2  h8c095d6_2          conda-forge     Cached
  + setuptools           78.1.1  pyhff2d567_0        conda-forge     Cached
  + tk                   8.6.13  noxft_h4845f30_101  conda-forge     Cached
  + tzdata                2025b  h78e105d_0          conda-forge     Cached
  + wheel                0.45.1  pyhd8ed1ab_1        conda-forge     Cached

  Summary:

  Install: 25 packages

  Total download: 0 B

─────────────────────────────────────────────────────────────────────────────



Transaction starting
Linking ld_impl_linux-64-2.43-h712a8e2_4
Linking ca-certificates-2025.1.31-hbcca054_0
Linking libgomp-14.2.0-h767d61c_2
Linking _libgcc_mutex-0.1-conda_forge
Linking _openmp_mutex-4.5-2_gnu
Linking libgcc-14.2.0-h767d61c_2
Linking ncurses-6.5-h2d0b736_3
Linking libzlib-1.3.1-hb9d3cd8_2
Linking libgcc-ng-14.2.0-h69a702a_2
Linking libffi-3.4.6-h2dba641_1
Linking openssl-3.5.0-h7b32b05_0
Linking liblzma-5.8.1-hb9d3cd8_0
Linking libexpat-2.7.0-h5888daf_0
Linking readline-8.2-h8c095d6_2
Linking libsqlite-3.49.1-hee588c1_2
Linking tk-8.6.13-noxft_h4845f30_101
Linking libxcrypt-4.4.36-hd590300_1
Linking bzip2-1.0.8-h4bc722e_7
Linking libuuid-2.38.1-h0b41bf4_0
Linking libnsl-2.0.1-hd590300_0
Linking tzdata-2025b-h78e105d_0
Linking python-3.10.17-hd6af730_0_cpython
Linking wheel-0.45.1-pyhd8ed1ab_1
Linking setuptools-78.1.1-pyhff2d567_0
Linking pip-25.0.1-pyh8b19718_0

Transaction finished


To activate this environment, use:

    micromamba activate sabanci-competition

Or to execute a single command in this environment, use:

    micromamba run -n sabanci-competition mycommand

Installing dependencies...
Collecting gurobipy~=12.0.0 (from -r requirements.txt (line 1))
  Using cached gurobipy-12.0.1-cp310-cp310-manylinux2014_x86_64.manylinux_2_17_x86_64.whl.metadata (16 kB)
Using cached gurobipy-12.0.1-cp310-cp310-manylinux2014_x86_64.manylinux_2_17_x86_64.whl (14.5 MB)
Installing collected packages: gurobipy
Successfully installed gurobipy-12.0.1
Running main.py...
Solving instance 24...
==============================
Creating model for instance: 24
Building model...
Set parameter ServerTimeout to value 30
Set parameter TokenServer to value "licserv.kuacc.ku.edu.tr"
No more centers left! Community 3853 not assigned feasibly.
Set parameter MIPGap to value 0.05
Model built successfully.
Solving...
Gurobi Optimizer version 12.0.1 build v12.0.1rc0 (linux64 - "CentOS Linux 7 (Core)")

CPU model: AMD EPYC 7742 64-Core Processor, instruction set [SSE2|AVX|AVX2]
Thread count: 128 physical cores, 128 logical processors, using up to 32 threads

Non-default parameters:
MIPGap  0.05

Optimize a model with 16008001 rows, 16004001 columns and 80000000 nonzeros
Model fingerprint: 0x3701e6fa
Variable types: 1 continuous, 16004000 integer (16004000 binary)
Coefficient statistics:
  Matrix range     [1e+00, 5e+05]
  Objective range  [1e+00, 1e+00]
  Bounds range     [1e+00, 1e+00]
  RHS range        [1e+00, 6e+02]

Processing user MIP start: 0 nodes explored in subMIP, total elapsed time 5s
User MIP start did not produce a new incumbent solution
User MIP start violates constraint Community_coverage[1] by 1.000000000
Processed MIP start in 6.62 seconds (7.97 work units)

Presolve removed 0 rows and 0 columns (presolve time = 5s)...
Presolve removed 0 rows and 0 columns (presolve time = 12s)...
Presolve removed 0 rows and 0 columns (presolve time = 15s)...
Presolve removed 0 rows and 0 columns (presolve time = 22s)...
Presolve removed 0 rows and 0 columns (presolve time = 26s)...
Presolve removed 0 rows and 0 columns (presolve time = 30s)...
Presolve removed 0 rows and 0 columns (presolve time = 35s)...
Presolve removed 0 rows and 0 columns (presolve time = 40s)...
Presolve removed 0 rows and 0 columns (presolve time = 45s)...
Presolve removed 0 rows and 0 columns (presolve time = 53s)...
Presolve removed 0 rows and 0 columns (presolve time = 59s)...
Presolve removed 15992000 rows and 0 columns (presolve time = 442s)...
Presolve removed 15992000 rows and 0 columns (presolve time = 446s)...
Presolve removed 15992000 rows and 0 columns
Presolve time: 445.70s
Presolved: 16001 rows, 16004001 columns, 64008000 nonzeros
Variable types: 1 continuous, 16004000 integer (16004000 binary)
Performing another presolve...
Presolve removed 0 rows and 0 columns (presolve time = 6s)...
Presolve removed 0 rows and 0 columns (presolve time = 11s)...
Presolve removed 0 rows and 0 columns (presolve time = 16s)...
Presolve removed 0 rows and 0 columns (presolve time = 22s)...
Presolve removed 0 rows and 0 columns (presolve time = 25s)...
Presolve removed 0 rows and 0 columns (presolve time = 30s)...
Presolve removed 0 rows and 0 columns (presolve time = 36s)...
Presolve removed 0 rows and 0 columns (presolve time = 43s)...
Presolve removed 0 rows and 0 columns (presolve time = 46s)...
Presolve removed 0 rows and 0 columns (presolve time = 50s)...
Presolve removed 0 rows and 0 columns (presolve time = 55s)...
Presolve removed 0 rows and 0 columns (presolve time = 61s)...
Presolve removed 0 rows and 0 columns (presolve time = 70s)...
Presolve removed 0 rows and 0 columns (presolve time = 70s)...
Presolve time: 74.15s
Deterministic concurrent LP optimizer: primal simplex, dual simplex, and barrier
Showing barrier log only...

Root barrier log...

Ordering time: 3.76s

Barrier statistics:
 Dense cols : 1
 AA' NZ     : 6.401e+07
 Factor NZ  : 1.280e+08 (roughly 7.0 GB of memory)
 Factor Ops : 1.366e+12 (roughly 4 seconds per iteration)
 Threads    : 30

Barrier performed 0 iterations in 723.98 seconds (667.20 work units)
Barrier solve interrupted - model solved by another algorithm

Concurrent spin time: 28.08s (can be avoided by choosing Method=3)

Solved with dual simplex

Root simplex log...

Iteration    Objective       Primal Inf.    Dual Inf.      Time
    4239    0.0000000e+00   0.000000e+00   0.000000e+00    724s

Root relaxation: objective 0.000000e+00, 4239 iterations, 85.98 seconds (40.55 work units)
Total elapsed time = 726.37s (DegenMoves)

    Nodes    |    Current Node    |     Objective Bounds      |     Work
 Expl Unexpl |  Obj  Depth IntInf | Incumbent    BestBd   Gap | It/Node Time

     0     0    0.00000    0 3425          -    0.00000      -     - 1015s
