Removing old environment (if exists)...
Transaction

  Prefix: /scratch/users/eozlu21/micromamba/envs/sabanci-competition

  Removing specs:

   - _libgcc_mutex
   - _openmp_mutex
   - bzip2
   - ca-certificates
   - ld_impl_linux-64
   - libexpat
   - libffi
   - libgcc
   - libgcc-ng
   - libgomp
   - liblzma
   - libnsl
   - libsqlite
   - libuuid
   - libxcrypt
   - libzlib
   - ncurses
   - openssl
   - pip
   - python
   - readline
   - setuptools
   - tk
   - tzdata
   - wheel


  Package               Version  Build               Channel           Size
─────────────────────────────────────────────────────────────────────────────
  Remove:
─────────────────────────────────────────────────────────────────────────────

  - _libgcc_mutex           0.1  conda_forge         conda-forge     Cached
  - _openmp_mutex           4.5  2_gnu               conda-forge     Cached
  - bzip2                 1.0.8  h4bc722e_7          conda-forge     Cached
  - ca-certificates   2025.1.31  hbcca054_0          conda-forge     Cached
  - ld_impl_linux-64       2.43  h712a8e2_4          conda-forge     Cached
  - libexpat              2.7.0  h5888daf_0          conda-forge     Cached
  - libffi                3.4.6  h2dba641_1          conda-forge     Cached
  - libgcc               14.2.0  h767d61c_2          conda-forge     Cached
  - libgcc-ng            14.2.0  h69a702a_2          conda-forge     Cached
  - libgomp              14.2.0  h767d61c_2          conda-forge     Cached
  - liblzma               5.8.1  hb9d3cd8_0          conda-forge     Cached
  - libnsl                2.0.1  hd590300_0          conda-forge     Cached
  - libsqlite            3.49.1  hee588c1_2          conda-forge     Cached
  - libuuid              2.38.1  h0b41bf4_0          conda-forge     Cached
  - libxcrypt            4.4.36  hd590300_1          conda-forge     Cached
  - libzlib               1.3.1  hb9d3cd8_2          conda-forge     Cached
  - ncurses                 6.5  h2d0b736_3          conda-forge     Cached
  - openssl               3.5.0  h7b32b05_0          conda-forge     Cached
  - pip                  25.0.1  pyh8b19718_0        conda-forge     Cached
  - python              3.10.17  hd6af730_0_cpython  conda-forge     Cached
  - readline                8.2  h8c095d6_2          conda-forge     Cached
  - setuptools           78.1.0  pyhff2d567_0        conda-forge     Cached
  - tk                   8.6.13  noxft_h4845f30_101  conda-forge     Cached
  - tzdata                2025b  h78e105d_0          conda-forge     Cached
  - wheel                0.45.1  pyhd8ed1ab_1        conda-forge     Cached

  Summary:

  Remove: 25 packages

  Total download: 0 B

─────────────────────────────────────────────────────────────────────────────



Transaction starting
Unlinking pip-25.0.1-pyh8b19718_0
Unlinking wheel-0.45.1-pyhd8ed1ab_1
Unlinking setuptools-78.1.0-pyhff2d567_0
Unlinking python-3.10.17-hd6af730_0_cpython
Unlinking tzdata-2025b-h78e105d_0
Unlinking tk-8.6.13-noxft_h4845f30_101
Unlinking readline-8.2-h8c095d6_2
Unlinking openssl-3.5.0-h7b32b05_0
Unlinking libxcrypt-4.4.36-hd590300_1
Unlinking libuuid-2.38.1-h0b41bf4_0
Unlinking libsqlite-3.49.1-hee588c1_2
Unlinking libnsl-2.0.1-hd590300_0
Unlinking liblzma-5.8.1-hb9d3cd8_0
Unlinking libffi-3.4.6-h2dba641_1
Unlinking libexpat-2.7.0-h5888daf_0
Unlinking ld_impl_linux-64-2.43-h712a8e2_4
Unlinking bzip2-1.0.8-h4bc722e_7
Unlinking ncurses-6.5-h2d0b736_3
Unlinking ca-certificates-2025.1.31-hbcca054_0
Unlinking libzlib-1.3.1-hb9d3cd8_2
Unlinking libgcc-ng-14.2.0-h69a702a_2
Unlinking libgcc-14.2.0-h767d61c_2
Unlinking _openmp_mutex-4.5-2_gnu
Unlinking libgomp-14.2.0-h767d61c_2
Unlinking _libgcc_mutex-0.1-conda_forge

Transaction finished

Environment removed at prefix: /scratch/users/eozlu21/micromamba/envs/sabanci-competition
Creating micromamba environment: sabanci-competition


Transaction

  Prefix: /scratch/users/eozlu21/micromamba/envs/sabanci-competition

  Updating specs:

   - python=3.10


  Package               Version  Build               Channel           Size
─────────────────────────────────────────────────────────────────────────────
  Install:
─────────────────────────────────────────────────────────────────────────────

  + _libgcc_mutex           0.1  conda_forge         conda-forge     Cached
  + _openmp_mutex           4.5  2_gnu               conda-forge     Cached
  + bzip2                 1.0.8  h4bc722e_7          conda-forge     Cached
  + ca-certificates   2025.1.31  hbcca054_0          conda-forge     Cached
  + ld_impl_linux-64       2.43  h712a8e2_4          conda-forge     Cached
  + libexpat              2.7.0  h5888daf_0          conda-forge     Cached
  + libffi                3.4.6  h2dba641_1          conda-forge     Cached
  + libgcc               14.2.0  h767d61c_2          conda-forge     Cached
  + libgcc-ng            14.2.0  h69a702a_2          conda-forge     Cached
  + libgomp              14.2.0  h767d61c_2          conda-forge     Cached
  + liblzma               5.8.1  hb9d3cd8_0          conda-forge     Cached
  + libnsl                2.0.1  hd590300_0          conda-forge     Cached
  + libsqlite            3.49.1  hee588c1_2          conda-forge     Cached
  + libuuid              2.38.1  h0b41bf4_0          conda-forge     Cached
  + libxcrypt            4.4.36  hd590300_1          conda-forge     Cached
  + libzlib               1.3.1  hb9d3cd8_2          conda-forge     Cached
  + ncurses                 6.5  h2d0b736_3          conda-forge     Cached
  + openssl               3.5.0  h7b32b05_0          conda-forge     Cached
  + pip                  25.0.1  pyh8b19718_0        conda-forge     Cached
  + python              3.10.17  hd6af730_0_cpython  conda-forge     Cached
  + readline                8.2  h8c095d6_2          conda-forge     Cached
  + setuptools           78.1.1  pyhff2d567_0        conda-forge      787kB
  + tk                   8.6.13  noxft_h4845f30_101  conda-forge     Cached
  + tzdata                2025b  h78e105d_0          conda-forge     Cached
  + wheel                0.45.1  pyhd8ed1ab_1        conda-forge     Cached

  Summary:

  Install: 25 packages

  Total download: 787kB

─────────────────────────────────────────────────────────────────────────────



Transaction starting
Linking ld_impl_linux-64-2.43-h712a8e2_4
Linking ca-certificates-2025.1.31-hbcca054_0
Linking libgomp-14.2.0-h767d61c_2
Linking _libgcc_mutex-0.1-conda_forge
Linking _openmp_mutex-4.5-2_gnu
Linking libgcc-14.2.0-h767d61c_2
Linking ncurses-6.5-h2d0b736_3
Linking libzlib-1.3.1-hb9d3cd8_2
Linking libgcc-ng-14.2.0-h69a702a_2
Linking libffi-3.4.6-h2dba641_1
Linking openssl-3.5.0-h7b32b05_0
Linking liblzma-5.8.1-hb9d3cd8_0
Linking libexpat-2.7.0-h5888daf_0
Linking readline-8.2-h8c095d6_2
Linking libsqlite-3.49.1-hee588c1_2
Linking tk-8.6.13-noxft_h4845f30_101
Linking libxcrypt-4.4.36-hd590300_1
Linking bzip2-1.0.8-h4bc722e_7
Linking libuuid-2.38.1-h0b41bf4_0
Linking libnsl-2.0.1-hd590300_0
Linking tzdata-2025b-h78e105d_0
Linking python-3.10.17-hd6af730_0_cpython
Linking wheel-0.45.1-pyhd8ed1ab_1
Linking setuptools-78.1.1-pyhff2d567_0
Linking pip-25.0.1-pyh8b19718_0

Transaction finished


To activate this environment, use:

    micromamba activate sabanci-competition

Or to execute a single command in this environment, use:

    micromamba run -n sabanci-competition mycommand

Installing dependencies...
Collecting gurobipy~=12.0.0 (from -r requirements.txt (line 1))
  Using cached gurobipy-12.0.1-cp310-cp310-manylinux2014_x86_64.manylinux_2_17_x86_64.whl.metadata (16 kB)
Using cached gurobipy-12.0.1-cp310-cp310-manylinux2014_x86_64.manylinux_2_17_x86_64.whl (14.5 MB)
Installing collected packages: gurobipy
Successfully installed gurobipy-12.0.1
Running main.py...
Solving instance 23...
==============================
Creating model for instance: 23
Building model...
Set parameter ServerTimeout to value 30
Set parameter TokenServer to value "licserv.kuacc.ku.edu.tr"
Set parameter MIPGap to value 0.05
Model built successfully.
Solving...
Gurobi Optimizer version 12.0.1 build v12.0.1rc0 (linux64 - "CentOS Linux 7 (Core)")

CPU model: AMD EPYC 7742 64-Core Processor, instruction set [SSE2|AVX|AVX2]
Thread count: 128 physical cores, 128 logical processors, using up to 32 threads

Non-default parameters:
MIPGap  0.05

Optimize a model with 16008001 rows, 16004001 columns and 80000000 nonzeros
Model fingerprint: 0xa1fd7959
Variable types: 1 continuous, 16004000 integer (16004000 binary)
Coefficient statistics:
  Matrix range     [1e+00, 5e+05]
  Objective range  [1e+00, 1e+00]
  Bounds range     [1e+00, 1e+00]
  RHS range        [1e+00, 6e+02]

Processing user MIP start: 0 nodes explored in subMIP, total elapsed time 5s
User MIP start produced solution with objective 402159 (9.76s)
Loaded user MIP start with objective 402159
Processed MIP start in 9.73 seconds (14.54 work units)

Presolve removed 0 rows and 0 columns (presolve time = 5s)...
Presolve removed 0 rows and 0 columns (presolve time = 12s)...
Presolve removed 0 rows and 0 columns (presolve time = 15s)...
Presolve removed 0 rows and 0 columns (presolve time = 22s)...
Presolve removed 0 rows and 0 columns (presolve time = 26s)...
Presolve removed 0 rows and 0 columns (presolve time = 30s)...
Presolve removed 0 rows and 0 columns (presolve time = 35s)...
Presolve removed 0 rows and 0 columns (presolve time = 40s)...
Presolve removed 0 rows and 0 columns (presolve time = 45s)...
Presolve removed 0 rows and 0 columns (presolve time = 53s)...
Presolve removed 0 rows and 0 columns (presolve time = 59s)...
Presolve removed 0 rows and 0 columns (presolve time = 60s)...
Presolve removed 15992000 rows and 0 columns (presolve time = 442s)...
Presolve removed 15992000 rows and 0 columns (presolve time = 446s)...
Presolve removed 15992000 rows and 0 columns
Presolve time: 446.23s
Presolved: 16001 rows, 16004001 columns, 64008000 nonzeros
Variable types: 1 continuous, 16004000 integer (16004000 binary)
Performing another presolve...
Presolve removed 0 rows and 2476 columns (presolve time = 5s)...
Presolve removed 0 rows and 2476 columns (presolve time = 11s)...
Presolve removed 0 rows and 2476 columns (presolve time = 16s)...
Presolve removed 0 rows and 2476 columns (presolve time = 21s)...
Presolve removed 0 rows and 2476 columns (presolve time = 25s)...
Presolve removed 0 rows and 2476 columns (presolve time = 30s)...
Presolve removed 0 rows and 2476 columns (presolve time = 35s)...
Presolve removed 0 rows and 2476 columns (presolve time = 42s)...
Presolve removed 0 rows and 2476 columns (presolve time = 46s)...
Presolve removed 0 rows and 2476 columns (presolve time = 50s)...
Presolve removed 0 rows and 2476 columns (presolve time = 55s)...
Presolve removed 0 rows and 2476 columns (presolve time = 61s)...
Presolve removed 0 rows and 2476 columns (presolve time = 71s)...
Presolve removed 0 rows and 2476 columns (presolve time = 75s)...
Presolve removed 0 rows and 2476 columns
Presolve time: 75.28s
Deterministic concurrent LP optimizer: primal simplex, dual simplex, and barrier
Showing barrier log only...

Root barrier log...

Ordering time: 3.65s

Barrier statistics:
 Dense cols : 1
 AA' NZ     : 6.400e+07
 Factor NZ  : 1.280e+08 (roughly 7.0 GB of memory)
 Factor Ops : 1.365e+12 (roughly 4 seconds per iteration)
 Threads    : 30

Barrier performed 0 iterations in 653.06 seconds (628.16 work units)
Barrier solve interrupted - model solved by another algorithm

Concurrent spin time: 27.69s (can be avoided by choosing Method=3)

Solved with dual simplex

Root simplex log...

Iteration    Objective       Primal Inf.    Dual Inf.      Time
    4244    0.0000000e+00   0.000000e+00   0.000000e+00    653s

Root relaxation: objective 0.000000e+00, 4244 iterations, 84.93 seconds (40.55 work units)
Total elapsed time = 655.48s (DegenMoves)

    Nodes    |    Current Node    |     Objective Bounds      |     Work
 Expl Unexpl |  Obj  Depth IntInf | Incumbent    BestBd   Gap | It/Node Time

     0     0    0.00000    0 3375 402159.299    0.00000   100%     -  945s
H    0     0                    400420.00450    0.00000   100%     - 1100s
     0     0  940.28354    0 11162 400420.004  940.28354   100%     - 5338s
H    0     0                    359635.10763  941.03628   100%     - 5400s
H    0     0                    34191.305869  941.03628  97.2%     - 5785s
H    0     0                    34184.834770  941.03628  97.2%     - 5789s
H    0     0                    34178.737896  941.03628  97.2%     - 5812s
H    0     0                    34157.663726  941.03628  97.2%     - 5900s
H    0     0                    34151.247415  941.03628  97.2%     - 5934s
H    0     0                    34142.619656  941.03628  97.2%     - 5936s
H    0     0                    34132.375774  941.03628  97.2%     - 5938s
     0     0 1416.36004    0 11209 34132.3758 1416.36004  95.9%     - 6753s
     0     0 1416.37816    0 11237 34132.3758 1416.37816  95.9%     - 6766s
     0     0 1770.61281    0 11875 34132.3758 1770.61281  94.8%     - 7280s
     0     0 1770.61281    0 3375 34132.3758 1770.61281  94.8%     - 7471s
H    0     0                    34128.839766 1770.61281  94.8%     - 7482s
     0     0 1770.61281    0 10894 34128.8398 1770.61281  94.8%     - 8451s
H    0     0                    34126.693203 1770.61281  94.8%     - 8462s
     0     0 1770.61281    0 11382 34126.6932 1770.61281  94.8%     - 8945s
     0     0 1772.16531    0 11470 34126.6932 1772.16531  94.8%     - 8987s
     0     0 1773.31554    0 11472 34126.6932 1773.31554  94.8%     - 8998s
     0     0 1773.61035    0 11479 34126.6932 1773.61035  94.8%     - 9002s
     0     0 1970.12945    0 12561 34126.6932 1970.12945  94.2%     - 10170s
H    0     0                    34107.344488 1970.99823  94.2%     - 10178s
H    0     0                    28948.980120 1970.99823  93.2%     - 10206s
H    0     0                    28945.089825 1970.99823  93.2%     - 10210s
     0     0 2071.16722    0 14000 28945.0898 2071.16722  92.8%     - 10341s
     0     0 2093.86079    0 14274 28945.0898 2093.86079  92.8%     - 10418s
     0     0 2099.54391    0 14309 28945.0898 2099.54391  92.7%     - 10467s
     0     0 2100.20831    0 14328 28945.0898 2100.20831  92.7%     - 10476s
     0     0 2264.87099    0 14926 28945.0898 2264.87099  92.2%     - 11692s
H    0     0                    28942.237485 2264.87099  92.2%     - 11705s
H    0     0                    18109.407942 2264.87099  87.5%     - 11744s
     0     0 2330.28165    0 15621 18109.4079 2330.28165  87.1%     - 11893s
     0     0 2342.05582    0 15760 18109.4079 2342.05582  87.1%     - 11945s
     0     0 2343.91413    0 15761 18109.4079 2343.91413  87.1%     - 11960s
     0     0 2344.53501    0 15740 18109.4079 2344.53501  87.1%     - 11972s
     0     0 2466.41782    0 15965 18109.4079 2466.41782  86.4%     - 13646s
     0     0 2466.41782    0 3375 18109.4079 2466.41782  86.4%     - 13745s
H    0     0                    18048.076795 2466.41782  86.3%     - 13779s
     0     0 2466.41782    0 11038 18048.0768 2466.41782  86.3%     - 14205s
     0     0 2466.41782    0 11453 18048.0768 2466.41782  86.3%     - 14480s
     0     0 2466.41782    0 12529 18048.0768 2466.41782  86.3%     - 14550s
     0     0 2466.41782    0 13364 18048.0768 2466.41782  86.3%     - 14624s
     0     0 2466.41782    0 14033 18048.0768 2466.41782  86.3%     - 14708s
     0     0 2466.41782    0 14417 18048.0768 2466.41782  86.3%     - 14749s
     0     0 2466.41782    0 14536 18048.0768 2466.41782  86.3%     - 14772s
     0     0 2466.41782    0 14658 18048.0768 2466.41782  86.3%     - 14795s
     0     0 2466.41782    0 14732 18048.0768 2466.41782  86.3%     - 14807s
     0     0 2466.94139    0 14754 18048.0768 2466.94139  86.3%     - 14809s
     0     0 2466.94554    0 14762 18048.0768 2466.94554  86.3%     - 14811s
     0     0 2534.07822    0 15336 18048.0768 2534.07822  86.0%     - 14968s
     0     0 2561.98996    0 16275 18048.0768 2561.98996  85.8%     - 15215s
     0     0 2566.26663    0 16444 18048.0768 2566.26663  85.8%     - 15230s
     0     0 2566.65215    0 16494 18048.0768 2566.65215  85.8%     - 15235s
     0     0 2616.88022    0 17041 18048.0768 2616.88022  85.5%     - 15399s
     0     0 2627.64763    0 17438 18048.0768 2627.64763  85.4%     - 15497s
     0     0 2629.69539    0 17458 18048.0768 2629.69539  85.4%     - 15513s
