info     libmamba ****************** Backtrace Start ******************
debug    libmamba Loading configuration
trace    libmamba Compute configurable 'create_base'
trace    libmamba Compute configurable 'no_env'
trace    libmamba Compute configurable 'no_rc'
trace    libmamba Compute configurable 'rc_files'
trace    libmamba Compute configurable 'root_prefix'
trace    libmamba Get RC files configuration from locations up to HomeDir
trace    libmamba Configuration not found at '/kuacc/users/eozlu21/.mambarc'
trace    libmamba Configuration not found at '/kuacc/users/eozlu21/.mamba/mambarc.d'
trace    libmamba Configuration not found at '/kuacc/users/eozlu21/.mamba/mambarc'
trace    libmamba Configuration not found at '/kuacc/users/eozlu21/.mamba/.mambarc'
trace    libmamba Configuration not found at '/kuacc/users/eozlu21/.config/mamba/mambarc.d'
trace    libmamba Configuration not found at '/kuacc/users/eozlu21/.config/mamba/mambarc'
trace    libmamba Configuration not found at '/kuacc/users/eozlu21/.config/mamba/.mambarc'
trace    libmamba Configuration found at '/kuacc/users/eozlu21/.condarc'
trace    libmamba Configuration not found at '/kuacc/users/eozlu21/.conda/condarc.d'
trace    libmamba Configuration not found at '/kuacc/users/eozlu21/.conda/condarc'
trace    libmamba Configuration not found at '/kuacc/users/eozlu21/.conda/.condarc'
trace    libmamba Configuration not found at '/kuacc/users/eozlu21/.config/conda/condarc.d'
trace    libmamba Configuration not found at '/kuacc/users/eozlu21/.config/conda/condarc'
trace    libmamba Configuration not found at '/kuacc/users/eozlu21/.config/conda/.condarc'
trace    libmamba Configuration not found at '/scratch/users/eozlu21/micromamba/.mambarc'
trace    libmamba Configuration not found at '/scratch/users/eozlu21/micromamba/condarc.d'
trace    libmamba Configuration not found at '/scratch/users/eozlu21/micromamba/condarc'
trace    libmamba Configuration not found at '/scratch/users/eozlu21/micromamba/.condarc'
trace    libmamba Configuration not found at '/var/lib/conda/.mambarc'
trace    libmamba Configuration not found at '/var/lib/conda/condarc.d/'
trace    libmamba Configuration not found at '/var/lib/conda/condarc'
trace    libmamba Configuration not found at '/var/lib/conda/.condarc'
trace    libmamba Configuration not found at '/etc/conda/.mambarc'
trace    libmamba Configuration not found at '/etc/conda/condarc.d/'
trace    libmamba Configuration not found at '/etc/conda/condarc'
trace    libmamba Configuration not found at '/etc/conda/.condarc'
trace    libmamba Update configurable 'no_env'
trace    libmamba Compute configurable 'envs_dirs'
trace    libmamba Compute configurable 'file_specs'
trace    libmamba Compute configurable 'spec_file_env_name'
trace    libmamba Compute configurable 'env_name'
trace    libmamba Compute configurable 'use_default_prefix_fallback'
trace    libmamba Compute configurable 'use_root_prefix_fallback'
trace    libmamba Compute configurable 'use_target_prefix_fallback'
trace    libmamba Compute configurable 'target_prefix'
trace    libmamba Get RC files configuration from locations up to TargetPrefix
trace    libmamba Configuration not found at '/scratch/users/eozlu21/micromamba/envs/sabanci-competition/.mambarc'
trace    libmamba Configuration not found at '/scratch/users/eozlu21/micromamba/envs/sabanci-competition/condarc.d'
trace    libmamba Configuration not found at '/scratch/users/eozlu21/micromamba/envs/sabanci-competition/condarc'
trace    libmamba Configuration not found at '/scratch/users/eozlu21/micromamba/envs/sabanci-competition/.condarc'
trace    libmamba Configuration not found at '/kuacc/users/eozlu21/.mambarc'
trace    libmamba Configuration not found at '/kuacc/users/eozlu21/.mamba/mambarc.d'
trace    libmamba Configuration not found at '/kuacc/users/eozlu21/.mamba/mambarc'
trace    libmamba Configuration not found at '/kuacc/users/eozlu21/.mamba/.mambarc'
trace    libmamba Configuration not found at '/kuacc/users/eozlu21/.config/mamba/mambarc.d'
trace    libmamba Configuration not found at '/kuacc/users/eozlu21/.config/mamba/mambarc'
trace    libmamba Configuration not found at '/kuacc/users/eozlu21/.config/mamba/.mambarc'
trace    libmamba Configuration found at '/kuacc/users/eozlu21/.condarc'
trace    libmamba Configuration not found at '/kuacc/users/eozlu21/.conda/condarc.d'
trace    libmamba Configuration not found at '/kuacc/users/eozlu21/.conda/condarc'
trace    libmamba Configuration not found at '/kuacc/users/eozlu21/.conda/.condarc'
trace    libmamba Configuration not found at '/kuacc/users/eozlu21/.config/conda/condarc.d'
trace    libmamba Configuration not found at '/kuacc/users/eozlu21/.config/conda/condarc'
trace    libmamba Configuration not found at '/kuacc/users/eozlu21/.config/conda/.condarc'
trace    libmamba Configuration not found at '/scratch/users/eozlu21/micromamba/.mambarc'
trace    libmamba Configuration not found at '/scratch/users/eozlu21/micromamba/condarc.d'
trace    libmamba Configuration not found at '/scratch/users/eozlu21/micromamba/condarc'
trace    libmamba Configuration not found at '/scratch/users/eozlu21/micromamba/.condarc'
trace    libmamba Configuration not found at '/var/lib/conda/.mambarc'
trace    libmamba Configuration not found at '/var/lib/conda/condarc.d/'
trace    libmamba Configuration not found at '/var/lib/conda/condarc'
trace    libmamba Configuration not found at '/var/lib/conda/.condarc'
trace    libmamba Configuration not found at '/etc/conda/.mambarc'
trace    libmamba Configuration not found at '/etc/conda/condarc.d/'
trace    libmamba Configuration not found at '/etc/conda/condarc'
trace    libmamba Configuration not found at '/etc/conda/.condarc'
trace    libmamba Update configurable 'no_env'
trace    libmamba Compute configurable 'relocate_prefix'
trace    libmamba Compute configurable 'target_prefix_checks'
error    libmamba No prefix found at: /scratch/users/eozlu21/micromamba/envs/sabanci-competition
error    libmamba Environment must first be created with "micromamba create -n {env_name} ..."
critical libmamba Aborting.
info     libmamba ****************** Backtrace End ********************
slurmstepd: error: *** JOB 2315319 ON it04 CANCELLED AT 2025-04-15T12:07:26 ***
